<?xml version="1.0" encoding="UTF-8"?>
<testng-results ignored="0" total="2" passed="2" failed="0" skipped="0">
  <reporter-output>
  </reporter-output>
  <suite started-at="2023-01-22T16:16:33 IST" name="Default suite" finished-at="2023-01-22T16:16:56 IST" duration-ms="23312">
    <groups>
      <group name="cucumber">
        <method signature="AbstractTestNGCucumberTests.runScenario(io.cucumber.testng.PickleWrapper,io.cucumber.testng.FeatureWrapper)[pri:0, instance:runner.RunCuke@f09733f]" name="runScenario" class="io.cucumber.testng.AbstractTestNGCucumberTests"/>
      </group> <!-- cucumber -->
    </groups>
    <test started-at="2023-01-22T16:16:33 IST" name="Default test" finished-at="2023-01-22T16:16:56 IST" duration-ms="23312">
      <class name="runner.RunCuke">
        <test-method is-config="true" signature="setUpClass(org.testng.ITestContext)[pri:0, instance:runner.RunCuke@f09733f]" started-at="2023-01-22T16:16:33 IST" name="setUpClass" finished-at="2023-01-22T16:16:33 IST" duration-ms="840" status="PASS">
          <params>
            <param index="0">
              <value>
                <![CDATA[org.testng.TestRunner@7d247660]]>
              </value>
            </param>
          </params>
          <reporter-output>
          </reporter-output>
        </test-method> <!-- setUpClass -->
        <test-method signature="runScenario(io.cucumber.testng.PickleWrapper,io.cucumber.testng.FeatureWrapper)[pri:0, instance:runner.RunCuke@f09733f]" started-at="2023-01-22T16:16:33 IST" name="runScenario" description="Runs Cucumber Scenarios" data-provider="scenarios" finished-at="2023-01-22T16:16:46 IST" duration-ms="12876" status="PASS">
          <params>
            <param index="0">
              <value>
                <![CDATA["Finding new cars"]]>
              </value>
            </param>
            <param index="1">
              <value>
                <![CDATA["Searching New Cars"]]>
              </value>
            </param>
          </params>
          <reporter-output>
          </reporter-output>
        </test-method> <!-- runScenario -->
        <test-method signature="runScenario(io.cucumber.testng.PickleWrapper,io.cucumber.testng.FeatureWrapper)[pri:0, instance:runner.RunCuke@f09733f]" started-at="2023-01-22T16:16:46 IST" name="runScenario" description="Runs Cucumber Scenarios" data-provider="scenarios" finished-at="2023-01-22T16:16:56 IST" duration-ms="9183" status="PASS">
          <params>
            <param index="0">
              <value>
                <![CDATA["Finding new cars"]]>
              </value>
            </param>
            <param index="1">
              <value>
                <![CDATA["Searching New Cars"]]>
              </value>
            </param>
          </params>
          <reporter-output>
          </reporter-output>
        </test-method> <!-- runScenario -->
        <test-method is-config="true" signature="tearDownClass()[pri:0, instance:runner.RunCuke@f09733f]" started-at="2023-01-22T16:16:56 IST" name="tearDownClass" finished-at="2023-01-22T16:16:56 IST" duration-ms="358" status="PASS">
          <reporter-output>
          </reporter-output>
        </test-method> <!-- tearDownClass -->
      </class> <!-- runner.RunCuke -->
    </test> <!-- Default test -->
  </suite> <!-- Default suite -->
</testng-results>
